\BOOKMARK [1][]{section.1}{一、 问题重述}{}% 1
\BOOKMARK [2][]{subsection.1.1}{1.1 问题背景}{section.1}% 2
\BOOKMARK [2][]{subsection.1.2}{1.2 问题提出}{section.1}% 3
\BOOKMARK [1][]{section.2}{二、 问题分析}{}% 4
\BOOKMARK [2][]{subsection.2.1}{2.1 问题一的分析}{section.2}% 5
\BOOKMARK [2][]{subsection.2.2}{2.2 问题二的分析}{section.2}% 6
\BOOKMARK [2][]{subsection.2.3}{2.3 问题三的分析}{section.2}% 7
\BOOKMARK [1][]{section.3}{三、 模型假设}{}% 8
\BOOKMARK [1][]{section.4}{四、 符号说明}{}% 9
\BOOKMARK [1][]{section.5}{五、 动力学模型建立与求解}{}% 10
\BOOKMARK [2][]{subsection.5.1}{5.1 模型的原理与建立}{section.5}% 11
\BOOKMARK [2][]{subsection.5.2}{5.2 模型求解}{section.5}% 12
\BOOKMARK [2][]{subsection.5.3}{5.3 模型总结}{section.5}% 13
\BOOKMARK [1][]{section.6}{六、 问题求解与模型评估}{}% 14
\BOOKMARK [2][]{subsection.6.1}{6.1 问题一 模型的建立与求解}{section.6}% 15
\BOOKMARK [3][]{subsubsection.6.1.1}{6.1.1 模型建立}{subsection.6.1}% 16
\BOOKMARK [3][]{subsubsection.6.1.2}{6.1.2 利用三次样条插值法求解曲率函数}{subsection.6.1}% 17
\BOOKMARK [3][]{subsubsection.6.1.3}{6.1.3 动力学模型求解坐标对应曲率}{subsection.6.1}% 18
\BOOKMARK [2][]{subsection.6.2}{6.2 问题二 模型的建立与求解}{section.6}% 19
\BOOKMARK [3][]{subsubsection.6.2.1}{6.2.1 模型建立}{subsection.6.2}% 20
\BOOKMARK [3][]{subsubsection.6.2.2}{6.2.2 利用动力学模型法求离散坐标值}{subsection.6.2}% 21
\BOOKMARK [3][]{subsubsection.6.2.3}{6.2.3 利用多项式拟合法求曲率方程}{subsection.6.2}% 22
\BOOKMARK [3][]{subsubsection.6.2.4}{6.2.4 曲线特征分析}{subsection.6.2}% 23
\BOOKMARK [2][]{subsection.6.3}{6.3 问题三 模型的建立与求解}{section.6}% 24
\BOOKMARK [3][]{subsubsection.6.3.1}{6.3.1 等间距弧长采样}{subsection.6.3}% 25
\BOOKMARK [3][]{subsubsection.6.3.2}{6.3.2 利用插值法求曲率函数}{subsection.6.3}% 26
\BOOKMARK [3][]{subsubsection.6.3.3}{6.3.3 利用动力学模型曲线重构}{subsection.6.3}% 27
\BOOKMARK [3][]{subsubsection.6.3.4}{6.3.4 误差分析}{subsection.6.3}% 28
\BOOKMARK [1][]{section.7}{七、 模型的评价与推广}{}% 29
\BOOKMARK [2][]{subsection.7.1}{7.1 模型的优点}{section.7}% 30
\BOOKMARK [2][]{subsection.7.2}{7.2 模型的缺点}{section.7}% 31
\BOOKMARK [2][]{subsection.7.3}{7.3 模型的改进}{section.7}% 32
\BOOKMARK [2][]{subsection.7.4}{7.4 模型的推广}{section.7}% 33
\BOOKMARK [1][]{section*.30}{参考文献}{}% 34
\BOOKMARK [1][]{appendix.A}{A 程序代码}{}% 35
